[24-Oct-2024 17:21:13 Asia/Kolkata] PHP Warning:  touch(): Unable to create file /home/yoycapit/etc/yoycapit.rcube.db because No such file or directory in /usr/local/cpanel/base/3rdparty/roundcube/program/lib/Roundcube/db/sqlite.php on line 39
[24-Oct-2024 17:24:52 Asia/Kolkata] Schema updates detected in /usr/local/cpanel/base/3rdparty/roundcube/plugins/libkolab/SQL/sqlite.initial.sql, applying now...
[24-Oct-2024 17:24:52 Asia/Kolkata] Schema updates detected in /usr/local/cpanel/base/3rdparty/roundcube/plugins/calendar/drivers/database/SQL/sqlite.initial.sql, applying now...
[24-Oct-2024 17:24:52 Asia/Kolkata] Schema updates detected in /usr/local/cpanel/base/3rdparty/roundcube/plugins/calendar/drivers/caldav/SQL/sqlite.initial.sql, applying now...
[24-Oct-2024 17:24:52 Asia/Kolkata] [CPANELICSIMPORT: Touch file created for yoycapit]
[24-Oct-2024 17:24:52 Asia/Kolkata] [CPANELVCFIMPORT: Touch file created for yoycapit]
[24-Oct-2024 17:31:58 Asia/Kolkata] [CPANELICSIMPORT: Touch file /home/yoycapit/.cpanel/icals/.cpanel_ics_import_yoycapit exists for yoycapit and cpanel_run_once is true, exiting]
[24-Oct-2024 17:31:58 Asia/Kolkata] [CPANELVCFIMPORT: Touch file /home/yoycapit/.cpanel/vcards/.cpanel_vcf_import_yoycapit exists for yoycapit and cpanel_run_once is true, exiting]
[24-Oct-2024 17:36:17 Asia/Kolkata] Schema updates detected in /usr/local/cpanel/base/3rdparty/roundcube/plugins/libkolab/SQL/sqlite.initial.sql, applying now...
[24-Oct-2024 17:36:17 Asia/Kolkata] Schema updates detected in /usr/local/cpanel/base/3rdparty/roundcube/plugins/calendar/drivers/database/SQL/sqlite.initial.sql, applying now...
[24-Oct-2024 17:36:17 Asia/Kolkata] Schema updates detected in /usr/local/cpanel/base/3rdparty/roundcube/plugins/calendar/drivers/caldav/SQL/sqlite.initial.sql, applying now...
[24-Oct-2024 17:36:17 Asia/Kolkata] [CPANELICSIMPORT: Touch file created for mail@yoycapital.com]
[24-Oct-2024 17:36:17 Asia/Kolkata] [CPANELVCFIMPORT: Touch file created for mail@yoycapital.com]
[24-Oct-2024 18:10:14 Asia/Kolkata] [CPANELICSIMPORT: Touch file /home/yoycapit/.cpanel/icals/.cpanel_ics_import_mail@yoycapital.com exists for mail@yoycapital.com and cpanel_run_once is true, exiting]
[24-Oct-2024 18:10:14 Asia/Kolkata] [CPANELVCFIMPORT: Touch file /home/yoycapit/.cpanel/vcards/.cpanel_vcf_import_mail@yoycapital.com exists for mail@yoycapital.com and cpanel_run_once is true, exiting]
[24-Oct-2024 18:26:35 Asia/Kolkata] Unexpected condition from IMAP server, closed or corrupt connection to IMAP. Possible mailbox corruption.
[24-Oct-2024 18:26:35 Asia/Kolkata] PHP Fatal error:  Uncaught TypeError: fclose(): Argument #1 ($stream) must be of type resource, null given in /usr/local/cpanel/base/3rdparty/roundcube/program/lib/Roundcube/rcube_imap_generic.php:234
Stack trace:
#0 /usr/local/cpanel/base/3rdparty/roundcube/program/lib/Roundcube/rcube_imap_generic.php(234): fclose(NULL)
#1 /usr/local/cpanel/base/3rdparty/roundcube/program/lib/Roundcube/rcube_imap_generic.php(251): rcube_imap_generic->readLine(4096)
#2 /usr/local/cpanel/base/3rdparty/roundcube/program/lib/Roundcube/rcube_imap_generic.php(3908): rcube_imap_generic->readFullLine(4096)
#3 /usr/local/cpanel/base/3rdparty/roundcube/program/lib/Roundcube/rcube_imap_generic.php(756): rcube_imap_generic->execute('AUTHENTICATE PL...', Array, 14)
#4 /usr/local/cpanel/base/3rdparty/roundcube/program/lib/Roundcube/rcube_imap_generic.php(1002): rcube_imap_generic->authenticate('', 'Achintya@3311', 'PLAIN')
#5 /usr/local/cpanel/base/3rdparty/roundcube/program/lib/Roundcube/rcube_imap.php(172): rcube_imap_generic->connect('localhost', 'mail@yoycapital...', 'Achintya@3311', Array)
#6 /usr/local/cpanel/base/3rdparty/roundcube/program/lib/Roundcube/rcube_imap.php(243): rcube_imap->connect('localhost', 'mail@yoycapital...', 'Achintya@3311', 143, false)
#7 /usr/local/cpanel/base/3rdparty/roundcube/program/lib/Roundcube/rcube_imap.php(750): rcube_imap->check_connection()
#8 /usr/local/cpanel/base/3rdparty/roundcube/program/lib/Roundcube/rcube_imap.php(1348): rcube_imap->countmessages('INBOX', 'ALL', true, true, true)
#9 /usr/local/cpanel/base/3rdparty/roundcube/program/actions/mail/check_recent.php(88): rcube_imap->folder_status('INBOX', NULL)
#10 /usr/local/cpanel/base/3rdparty/roundcube/program/include/rcmail.php(282): rcmail_action_mail_check_recent->run(Array)
#11 /usr/local/cpanel/base/3rdparty/roundcube/index.php(280): rcmail->action_handler()
#12 {main}
  thrown in /usr/local/cpanel/base/3rdparty/roundcube/program/lib/Roundcube/rcube_imap_generic.php on line 234
[25-Oct-2024 15:22:31 Asia/Kolkata] [CPANELICSIMPORT: Touch file /home/yoycapit/.cpanel/icals/.cpanel_ics_import_mail@yoycapital.com exists for mail@yoycapital.com and cpanel_run_once is true, exiting]
[25-Oct-2024 15:22:31 Asia/Kolkata] [CPANELVCFIMPORT: Touch file /home/yoycapit/.cpanel/vcards/.cpanel_vcf_import_mail@yoycapital.com exists for mail@yoycapital.com and cpanel_run_once is true, exiting]
[25-Oct-2024 17:21:03 Asia/Kolkata] [CPANELICSIMPORT: Touch file /home/yoycapit/.cpanel/icals/.cpanel_ics_import_mail@yoycapital.com exists for mail@yoycapital.com and cpanel_run_once is true, exiting]
[25-Oct-2024 17:21:03 Asia/Kolkata] [CPANELVCFIMPORT: Touch file /home/yoycapit/.cpanel/vcards/.cpanel_vcf_import_mail@yoycapital.com exists for mail@yoycapital.com and cpanel_run_once is true, exiting]
[25-Oct-2024 18:12:21 Asia/Kolkata] [CPANELICSIMPORT: Touch file /home/yoycapit/.cpanel/icals/.cpanel_ics_import_mail@yoycapital.com exists for mail@yoycapital.com and cpanel_run_once is true, exiting]
[25-Oct-2024 18:12:21 Asia/Kolkata] [CPANELVCFIMPORT: Touch file /home/yoycapit/.cpanel/vcards/.cpanel_vcf_import_mail@yoycapital.com exists for mail@yoycapital.com and cpanel_run_once is true, exiting]
[26-Oct-2024 11:32:08 Asia/Kolkata] [CPANELICSIMPORT: Touch file /home/yoycapit/.cpanel/icals/.cpanel_ics_import_mail@yoycapital.com exists for mail@yoycapital.com and cpanel_run_once is true, exiting]
[26-Oct-2024 11:32:08 Asia/Kolkata] [CPANELVCFIMPORT: Touch file /home/yoycapit/.cpanel/vcards/.cpanel_vcf_import_mail@yoycapital.com exists for mail@yoycapital.com and cpanel_run_once is true, exiting]
[26-Oct-2024 14:13:20 Asia/Kolkata] [CPANELICSIMPORT: Touch file /home/yoycapit/.cpanel/icals/.cpanel_ics_import_mail@yoycapital.com exists for mail@yoycapital.com and cpanel_run_once is true, exiting]
[26-Oct-2024 14:13:20 Asia/Kolkata] [CPANELVCFIMPORT: Touch file /home/yoycapit/.cpanel/vcards/.cpanel_vcf_import_mail@yoycapital.com exists for mail@yoycapital.com and cpanel_run_once is true, exiting]
[26-Oct-2024 14:23:00 Asia/Kolkata] Unexpected condition from IMAP server, closed or corrupt connection to IMAP. Possible mailbox corruption.
[26-Oct-2024 14:23:00 Asia/Kolkata] PHP Fatal error:  Uncaught TypeError: fclose(): Argument #1 ($stream) must be of type resource, null given in /usr/local/cpanel/base/3rdparty/roundcube/program/lib/Roundcube/rcube_imap_generic.php:234
Stack trace:
#0 /usr/local/cpanel/base/3rdparty/roundcube/program/lib/Roundcube/rcube_imap_generic.php(234): fclose(NULL)
#1 /usr/local/cpanel/base/3rdparty/roundcube/program/lib/Roundcube/rcube_imap_generic.php(251): rcube_imap_generic->readLine(4096)
#2 /usr/local/cpanel/base/3rdparty/roundcube/program/lib/Roundcube/rcube_imap_generic.php(3908): rcube_imap_generic->readFullLine(4096)
#3 /usr/local/cpanel/base/3rdparty/roundcube/program/lib/Roundcube/rcube_imap_generic.php(756): rcube_imap_generic->execute('AUTHENTICATE PL...', Array, 14)
#4 /usr/local/cpanel/base/3rdparty/roundcube/program/lib/Roundcube/rcube_imap_generic.php(1002): rcube_imap_generic->authenticate('', 'Achintya@3311', 'PLAIN')
#5 /usr/local/cpanel/base/3rdparty/roundcube/program/lib/Roundcube/rcube_imap.php(172): rcube_imap_generic->connect('localhost', 'mail@yoycapital...', 'Achintya@3311', Array)
#6 /usr/local/cpanel/base/3rdparty/roundcube/program/lib/Roundcube/rcube_imap.php(243): rcube_imap->connect('localhost', 'mail@yoycapital...', 'Achintya@3311', 143, false)
#7 /usr/local/cpanel/base/3rdparty/roundcube/program/lib/Roundcube/rcube_imap.php(750): rcube_imap->check_connection()
#8 /usr/local/cpanel/base/3rdparty/roundcube/program/lib/Roundcube/rcube_imap.php(692): rcube_imap->countmessages('INBOX', 'ALL', false, true)
#9 /usr/local/cpanel/base/3rdparty/roundcube/program/actions/mail/move.php(39): rcube_imap->count('INBOX', 'ALL')
#10 /usr/local/cpanel/base/3rdparty/roundcube/program/include/rcmail.php(282): rcmail_action_mail_move->run(Array)
#11 /usr/local/cpanel/base/3rdparty/roundcube/index.php(280): rcmail->action_handler()
#12 {main}
  thrown in /usr/local/cpanel/base/3rdparty/roundcube/program/lib/Roundcube/rcube_imap_generic.php on line 234
[26-Oct-2024 14:27:31 Asia/Kolkata] Unexpected condition from IMAP server, closed or corrupt connection to IMAP. Possible mailbox corruption.
[26-Oct-2024 14:27:31 Asia/Kolkata] PHP Fatal error:  Uncaught TypeError: fclose(): Argument #1 ($stream) must be of type resource, null given in /usr/local/cpanel/base/3rdparty/roundcube/program/lib/Roundcube/rcube_imap_generic.php:234
Stack trace:
#0 /usr/local/cpanel/base/3rdparty/roundcube/program/lib/Roundcube/rcube_imap_generic.php(234): fclose(NULL)
#1 /usr/local/cpanel/base/3rdparty/roundcube/program/lib/Roundcube/rcube_imap_generic.php(251): rcube_imap_generic->readLine(4096)
#2 /usr/local/cpanel/base/3rdparty/roundcube/program/lib/Roundcube/rcube_imap_generic.php(3908): rcube_imap_generic->readFullLine(4096)
#3 /usr/local/cpanel/base/3rdparty/roundcube/program/lib/Roundcube/rcube_imap_generic.php(756): rcube_imap_generic->execute('AUTHENTICATE PL...', Array, 14)
#4 /usr/local/cpanel/base/3rdparty/roundcube/program/lib/Roundcube/rcube_imap_generic.php(1002): rcube_imap_generic->authenticate('', 'Achintya@3311', 'PLAIN')
#5 /usr/local/cpanel/base/3rdparty/roundcube/program/lib/Roundcube/rcube_imap.php(172): rcube_imap_generic->connect('localhost', 'mail@yoycapital...', 'Achintya@3311', Array)
#6 /usr/local/cpanel/base/3rdparty/roundcube/program/lib/Roundcube/rcube_imap.php(243): rcube_imap->connect('localhost', 'mail@yoycapital...', 'Achintya@3311', 143, false)
#7 /usr/local/cpanel/base/3rdparty/roundcube/program/lib/Roundcube/rcube_imap.php(750): rcube_imap->check_connection()
#8 /usr/local/cpanel/base/3rdparty/roundcube/program/lib/Roundcube/rcube_imap.php(1348): rcube_imap->countmessages('INBOX', 'ALL', true, true, true)
#9 /usr/local/cpanel/base/3rdparty/roundcube/program/actions/mail/check_recent.php(88): rcube_imap->folder_status('INBOX', NULL)
#10 /usr/local/cpanel/base/3rdparty/roundcube/program/include/rcmail.php(282): rcmail_action_mail_check_recent->run(Array)
#11 /usr/local/cpanel/base/3rdparty/roundcube/index.php(280): rcmail->action_handler()
#12 {main}
  thrown in /usr/local/cpanel/base/3rdparty/roundcube/program/lib/Roundcube/rcube_imap_generic.php on line 234
[26-Oct-2024 17:29:45 Asia/Kolkata] [CPANELICSIMPORT: Touch file /home/yoycapit/.cpanel/icals/.cpanel_ics_import_mail@yoycapital.com exists for mail@yoycapital.com and cpanel_run_once is true, exiting]
[26-Oct-2024 17:29:45 Asia/Kolkata] [CPANELVCFIMPORT: Touch file /home/yoycapit/.cpanel/vcards/.cpanel_vcf_import_mail@yoycapital.com exists for mail@yoycapital.com and cpanel_run_once is true, exiting]
[26-Oct-2024 18:29:50 Asia/Kolkata] [CPANELICSIMPORT: Touch file /home/yoycapit/.cpanel/icals/.cpanel_ics_import_mail@yoycapital.com exists for mail@yoycapital.com and cpanel_run_once is true, exiting]
[26-Oct-2024 18:29:50 Asia/Kolkata] [CPANELVCFIMPORT: Touch file /home/yoycapit/.cpanel/vcards/.cpanel_vcf_import_mail@yoycapital.com exists for mail@yoycapital.com and cpanel_run_once is true, exiting]
[27-Oct-2024 08:35:33 Asia/Kolkata] [CPANELICSIMPORT: Touch file /home/yoycapit/.cpanel/icals/.cpanel_ics_import_mail@yoycapital.com exists for mail@yoycapital.com and cpanel_run_once is true, exiting]
[27-Oct-2024 08:35:34 Asia/Kolkata] [CPANELVCFIMPORT: Touch file /home/yoycapit/.cpanel/vcards/.cpanel_vcf_import_mail@yoycapital.com exists for mail@yoycapital.com and cpanel_run_once is true, exiting]
[28-Oct-2024 09:50:40 Asia/Kolkata] [CPANELICSIMPORT: Touch file /home/yoycapit/.cpanel/icals/.cpanel_ics_import_mail@yoycapital.com exists for mail@yoycapital.com and cpanel_run_once is true, exiting]
[28-Oct-2024 09:50:40 Asia/Kolkata] [CPANELVCFIMPORT: Touch file /home/yoycapit/.cpanel/vcards/.cpanel_vcf_import_mail@yoycapital.com exists for mail@yoycapital.com and cpanel_run_once is true, exiting]
[28-Oct-2024 09:53:48 Asia/Kolkata] [CPANELICSIMPORT: Touch file /home/yoycapit/.cpanel/icals/.cpanel_ics_import_mail@yoycapital.com exists for mail@yoycapital.com and cpanel_run_once is true, exiting]
[28-Oct-2024 09:53:48 Asia/Kolkata] [CPANELVCFIMPORT: Touch file /home/yoycapit/.cpanel/vcards/.cpanel_vcf_import_mail@yoycapital.com exists for mail@yoycapital.com and cpanel_run_once is true, exiting]
[28-Oct-2024 10:27:46 Asia/Kolkata] [CPANELICSIMPORT: Touch file /home/yoycapit/.cpanel/icals/.cpanel_ics_import_mail@yoycapital.com exists for mail@yoycapital.com and cpanel_run_once is true, exiting]
[28-Oct-2024 10:27:46 Asia/Kolkata] [CPANELVCFIMPORT: Touch file /home/yoycapit/.cpanel/vcards/.cpanel_vcf_import_mail@yoycapital.com exists for mail@yoycapital.com and cpanel_run_once is true, exiting]
[28-Oct-2024 14:16:16 Asia/Kolkata] [CPANELICSIMPORT: Touch file /home/yoycapit/.cpanel/icals/.cpanel_ics_import_mail@yoycapital.com exists for mail@yoycapital.com and cpanel_run_once is true, exiting]
[28-Oct-2024 14:16:16 Asia/Kolkata] [CPANELVCFIMPORT: Touch file /home/yoycapit/.cpanel/vcards/.cpanel_vcf_import_mail@yoycapital.com exists for mail@yoycapital.com and cpanel_run_once is true, exiting]
[28-Oct-2024 16:12:36 Asia/Kolkata] [CPANELICSIMPORT: Touch file /home/yoycapit/.cpanel/icals/.cpanel_ics_import_mail@yoycapital.com exists for mail@yoycapital.com and cpanel_run_once is true, exiting]
[28-Oct-2024 16:12:36 Asia/Kolkata] [CPANELVCFIMPORT: Touch file /home/yoycapit/.cpanel/vcards/.cpanel_vcf_import_mail@yoycapital.com exists for mail@yoycapital.com and cpanel_run_once is true, exiting]
[29-Oct-2024 10:03:50 Asia/Kolkata] [CPANELICSIMPORT: Touch file /home/yoycapit/.cpanel/icals/.cpanel_ics_import_mail@yoycapital.com exists for mail@yoycapital.com and cpanel_run_once is true, exiting]
[29-Oct-2024 10:03:50 Asia/Kolkata] [CPANELVCFIMPORT: Touch file /home/yoycapit/.cpanel/vcards/.cpanel_vcf_import_mail@yoycapital.com exists for mail@yoycapital.com and cpanel_run_once is true, exiting]
[29-Oct-2024 10:35:29 Asia/Kolkata] [CPANELICSIMPORT: Touch file /home/yoycapit/.cpanel/icals/.cpanel_ics_import_mail@yoycapital.com exists for mail@yoycapital.com and cpanel_run_once is true, exiting]
[29-Oct-2024 10:35:29 Asia/Kolkata] [CPANELVCFIMPORT: Touch file /home/yoycapit/.cpanel/vcards/.cpanel_vcf_import_mail@yoycapital.com exists for mail@yoycapital.com and cpanel_run_once is true, exiting]
[29-Oct-2024 11:23:58 Asia/Kolkata] [CPANELICSIMPORT: Touch file /home/yoycapit/.cpanel/icals/.cpanel_ics_import_mail@yoycapital.com exists for mail@yoycapital.com and cpanel_run_once is true, exiting]
[29-Oct-2024 11:23:58 Asia/Kolkata] [CPANELVCFIMPORT: Touch file /home/yoycapit/.cpanel/vcards/.cpanel_vcf_import_mail@yoycapital.com exists for mail@yoycapital.com and cpanel_run_once is true, exiting]
[29-Oct-2024 15:08:45 Asia/Kolkata] [CPANELICSIMPORT: Touch file /home/yoycapit/.cpanel/icals/.cpanel_ics_import_mail@yoycapital.com exists for mail@yoycapital.com and cpanel_run_once is true, exiting]
[29-Oct-2024 15:08:45 Asia/Kolkata] [CPANELVCFIMPORT: Touch file /home/yoycapit/.cpanel/vcards/.cpanel_vcf_import_mail@yoycapital.com exists for mail@yoycapital.com and cpanel_run_once is true, exiting]
[29-Oct-2024 16:30:55 Asia/Kolkata] [CPANELICSIMPORT: Touch file /home/yoycapit/.cpanel/icals/.cpanel_ics_import_mail@yoycapital.com exists for mail@yoycapital.com and cpanel_run_once is true, exiting]
[29-Oct-2024 16:30:55 Asia/Kolkata] [CPANELVCFIMPORT: Touch file /home/yoycapit/.cpanel/vcards/.cpanel_vcf_import_mail@yoycapital.com exists for mail@yoycapital.com and cpanel_run_once is true, exiting]
[29-Oct-2024 16:50:47 Asia/Kolkata] [CPANELICSIMPORT: Touch file /home/yoycapit/.cpanel/icals/.cpanel_ics_import_mail@yoycapital.com exists for mail@yoycapital.com and cpanel_run_once is true, exiting]
[29-Oct-2024 16:50:47 Asia/Kolkata] [CPANELVCFIMPORT: Touch file /home/yoycapit/.cpanel/vcards/.cpanel_vcf_import_mail@yoycapital.com exists for mail@yoycapital.com and cpanel_run_once is true, exiting]
[29-Oct-2024 17:44:59 Asia/Kolkata] [CPANELICSIMPORT: Touch file /home/yoycapit/.cpanel/icals/.cpanel_ics_import_mail@yoycapital.com exists for mail@yoycapital.com and cpanel_run_once is true, exiting]
[29-Oct-2024 17:44:59 Asia/Kolkata] [CPANELVCFIMPORT: Touch file /home/yoycapit/.cpanel/vcards/.cpanel_vcf_import_mail@yoycapital.com exists for mail@yoycapital.com and cpanel_run_once is true, exiting]
[30-Oct-2024 09:30:32 Asia/Kolkata] [CPANELICSIMPORT: Touch file /home/yoycapit/.cpanel/icals/.cpanel_ics_import_mail@yoycapital.com exists for mail@yoycapital.com and cpanel_run_once is true, exiting]
[30-Oct-2024 09:30:32 Asia/Kolkata] [CPANELVCFIMPORT: Touch file /home/yoycapit/.cpanel/vcards/.cpanel_vcf_import_mail@yoycapital.com exists for mail@yoycapital.com and cpanel_run_once is true, exiting]
[30-Oct-2024 15:45:39 Asia/Kolkata] [CPANELICSIMPORT: Touch file /home/yoycapit/.cpanel/icals/.cpanel_ics_import_mail@yoycapital.com exists for mail@yoycapital.com and cpanel_run_once is true, exiting]
[30-Oct-2024 15:45:39 Asia/Kolkata] [CPANELVCFIMPORT: Touch file /home/yoycapit/.cpanel/vcards/.cpanel_vcf_import_mail@yoycapital.com exists for mail@yoycapital.com and cpanel_run_once is true, exiting]
[04-Nov-2024 09:42:21 Asia/Kolkata] [CPANELICSIMPORT: Touch file /home/yoycapit/.cpanel/icals/.cpanel_ics_import_mail@yoycapital.com exists for mail@yoycapital.com and cpanel_run_once is true, exiting]
[04-Nov-2024 09:42:21 Asia/Kolkata] [CPANELVCFIMPORT: Touch file /home/yoycapit/.cpanel/vcards/.cpanel_vcf_import_mail@yoycapital.com exists for mail@yoycapital.com and cpanel_run_once is true, exiting]
[04-Nov-2024 10:38:23 Asia/Kolkata] [CPANELICSIMPORT: Touch file /home/yoycapit/.cpanel/icals/.cpanel_ics_import_mail@yoycapital.com exists for mail@yoycapital.com and cpanel_run_once is true, exiting]
[04-Nov-2024 10:38:23 Asia/Kolkata] [CPANELVCFIMPORT: Touch file /home/yoycapit/.cpanel/vcards/.cpanel_vcf_import_mail@yoycapital.com exists for mail@yoycapital.com and cpanel_run_once is true, exiting]
[04-Nov-2024 13:40:16 Asia/Kolkata] [CPANELICSIMPORT: Touch file /home/yoycapit/.cpanel/icals/.cpanel_ics_import_mail@yoycapital.com exists for mail@yoycapital.com and cpanel_run_once is true, exiting]
[04-Nov-2024 13:40:16 Asia/Kolkata] [CPANELVCFIMPORT: Touch file /home/yoycapit/.cpanel/vcards/.cpanel_vcf_import_mail@yoycapital.com exists for mail@yoycapital.com and cpanel_run_once is true, exiting]
[05-Nov-2024 09:30:45 Asia/Kolkata] [CPANELICSIMPORT: Touch file /home/yoycapit/.cpanel/icals/.cpanel_ics_import_mail@yoycapital.com exists for mail@yoycapital.com and cpanel_run_once is true, exiting]
[05-Nov-2024 09:30:45 Asia/Kolkata] [CPANELVCFIMPORT: Touch file /home/yoycapit/.cpanel/vcards/.cpanel_vcf_import_mail@yoycapital.com exists for mail@yoycapital.com and cpanel_run_once is true, exiting]
